2026-07-18 00:11:20,541 | INFO | Logger test successful
2026-07-18 01:22:32,048 | INFO | Segmentation prediction completed successfully.
2026-07-18 01:22:32,050 | INFO | Churn prediction completed successfully.
2026-07-18 01:22:32,057 | INFO | CLV prediction completed successfully.
2026-07-18 01:22:32,081 | INFO | Recommendation generated successfully.
2026-07-18 01:22:32,115 | INFO | Anomaly detection completed successfully.
2026-07-18 01:22:32,116 | INFO | Topic modeling completed successfully.
2026-07-18 01:32:20,556 | INFO | Customer360 Service initialized successfully.
2026-07-18 01:32:20,648 | INFO | Model=Segmentation | Status=SUCCESS
2026-07-18 01:32:20,651 | INFO | Model=Churn | Status=SUCCESS
2026-07-18 01:32:20,658 | INFO | Model=CLV | Status=SUCCESS
2026-07-18 01:32:20,681 | INFO | Model=Recommendation | Status=SUCCESS
2026-07-18 01:32:20,715 | INFO | Model=Anomaly Detection | Status=SUCCESS
2026-07-18 01:32:20,716 | INFO | Model=Topic Modeling | Status=SUCCESS
2026-07-18 01:42:28,584 | INFO | Customer360 Service initialized successfully.
2026-07-18 01:42:28,672 | INFO | Model=Segmentation | Status=SUCCESS | ExecutionTime={execution_time:.4f}s
2026-07-18 01:42:28,675 | INFO | Model=Churn | Status=SUCCESS | ExecutionTime=0.0025s
2026-07-18 01:42:28,681 | INFO | Model=CLV | Status=SUCCESS
2026-07-18 01:42:28,703 | INFO | Model=Recommendation | Status=SUCCESS | ExecutionTime=0.0214s
2026-07-18 01:42:28,736 | INFO | Model=Anomaly Detection | Status=SUCCESS | ExecutionTime=0.0334s
2026-07-18 01:42:28,738 | INFO | Model=Topic Modeling | Status=SUCCESS | ExecutionTime=0.0013s
2026-07-18 01:44:29,666 | INFO | Customer360 Service initialized successfully.
2026-07-18 01:44:29,755 | INFO | Model=Segmentation | Status=SUCCESS | ExecutionTime={execution_time:.4f}s
2026-07-18 01:44:29,758 | INFO | Model=Churn | Status=SUCCESS | ExecutionTime=0.0028s
2026-07-18 01:44:29,765 | INFO | Model=CLV | Status=SUCCESS | ExecutionTime=0.0070s
2026-07-18 01:44:29,796 | INFO | Model=Recommendation | Status=SUCCESS | ExecutionTime=0.0309s
2026-07-18 01:44:29,829 | INFO | Model=Anomaly Detection | Status=SUCCESS | ExecutionTime=0.0333s
2026-07-18 01:44:29,831 | INFO | Model=Topic Modeling | Status=SUCCESS | ExecutionTime=0.0012s
2026-07-18 01:45:26,260 | INFO | Customer360 Service initialized successfully.
2026-07-18 01:45:26,355 | INFO | Model=Segmentation | Status=SUCCESS | ExecutionTime=0.0946s
2026-07-18 01:45:26,358 | INFO | Model=Churn | Status=SUCCESS | ExecutionTime=0.0028s
2026-07-18 01:45:26,365 | INFO | Model=CLV | Status=SUCCESS | ExecutionTime=0.0065s
2026-07-18 01:45:26,387 | INFO | Model=Recommendation | Status=SUCCESS | ExecutionTime=0.0219s
2026-07-18 01:45:26,430 | INFO | Model=Anomaly Detection | Status=SUCCESS | ExecutionTime=0.0424s
2026-07-18 01:45:26,432 | INFO | Model=Topic Modeling | Status=SUCCESS | ExecutionTime=0.0016s
2026-07-18 01:58:08,049 | INFO | Initializing SHAP explainers...
2026-07-18 01:58:08,634 | INFO | SHAP explainers initialized successfully.
2026-07-18 02:04:55,881 | INFO | Initializing SHAP explainers...
2026-07-18 02:04:56,487 | INFO | SHAP explainers initialized successfully.
2026-07-18 02:30:57,045 | INFO | Initializing SHAP explainers...
2026-07-18 02:30:57,603 | INFO | SHAP explainers initialized successfully.
2026-07-18 02:35:13,510 | INFO | Initializing SHAP explainers...
2026-07-18 02:35:14,111 | INFO | SHAP explainers initialized successfully.
2026-07-18 02:40:14,566 | INFO | Initializing SHAP explainers...
2026-07-18 02:40:15,115 | INFO | SHAP explainers initialized successfully.
2026-07-18 02:44:11,809 | INFO | Initializing SHAP explainers...
2026-07-18 02:44:12,427 | INFO | SHAP explainers initialized successfully.
2026-07-18 02:57:17,224 | INFO | Initializing SHAP explainers...
2026-07-18 02:57:17,762 | INFO | SHAP explainers initialized successfully.
2026-07-18 02:59:35,143 | INFO | Initializing SHAP explainers...
2026-07-18 02:59:36,710 | INFO | SHAP explainers initialized successfully.
2026-07-18 02:59:36,710 | INFO | Generating SHAP explanation for anomaly detection.
2026-07-18 02:59:36,756 | INFO | Successfully generated anomaly SHAP explanation.
2026-07-18 03:33:14,350 | INFO | Initializing SHAP explainers...
2026-07-18 03:33:14,915 | INFO | SHAP explainers initialized successfully.
2026-07-18 03:33:14,915 | INFO | Generating SHAP explanation for anomaly detection.
2026-07-18 03:33:14,930 | INFO | Successfully generated anomaly SHAP explanation.
2026-07-18 03:37:20,750 | INFO | Initializing SHAP explainers...
2026-07-18 03:37:21,292 | INFO | SHAP explainers initialized successfully.
2026-07-18 03:37:21,292 | INFO | Generating SHAP explanation for anomaly detection.
2026-07-18 03:37:21,307 | INFO | Successfully generated anomaly SHAP explanation.
2026-07-18 03:43:05,726 | INFO | Initializing SHAP explainers...
2026-07-18 03:43:06,290 | INFO | SHAP explainers initialized successfully.
2026-07-18 03:43:06,291 | INFO | Customer360 Service initialized successfully.
2026-07-18 03:43:06,350 | INFO | Model=Segmentation | Status=SUCCESS | ExecutionTime=0.0596s
2026-07-18 03:43:06,354 | INFO | Model=Churn | Status=SUCCESS | ExecutionTime=0.0030s
2026-07-18 03:43:06,359 | INFO | Model=CLV | Status=SUCCESS | ExecutionTime=0.0055s
2026-07-18 03:43:06,380 | INFO | Model=Recommendation | Status=SUCCESS | ExecutionTime=0.0202s
2026-07-18 03:43:06,414 | INFO | Model=Anomaly Detection | Status=SUCCESS | ExecutionTime=0.0347s
2026-07-18 03:43:06,416 | INFO | Model=Topic Modeling | Status=SUCCESS | ExecutionTime=0.0013s
2026-07-18 03:58:29,636 | INFO | Initializing SHAP explainers...
2026-07-18 03:58:30,180 | INFO | SHAP explainers initialized successfully.
2026-07-18 03:58:30,180 | INFO | Customer360 Service initialized successfully.
2026-07-18 03:58:30,239 | INFO | Model=Segmentation | Status=SUCCESS | ExecutionTime=0.0593s
2026-07-18 03:58:30,242 | INFO | Model=Churn | Status=SUCCESS | ExecutionTime=0.0030s
2026-07-18 03:58:30,248 | INFO | Model=CLV | Status=SUCCESS | ExecutionTime=0.0054s
2026-07-18 03:58:30,266 | INFO | Model=Recommendation | Status=SUCCESS | ExecutionTime=0.0179s
2026-07-18 03:58:30,300 | INFO | Model=Anomaly Detection | Status=SUCCESS | ExecutionTime=0.0336s
2026-07-18 03:58:30,301 | INFO | Model=Topic Modeling | Status=SUCCESS | ExecutionTime=0.0014s
2026-07-18 03:59:50,191 | INFO | Initializing SHAP explainers...
2026-07-18 03:59:50,742 | INFO | SHAP explainers initialized successfully.
2026-07-18 03:59:50,743 | INFO | Customer360 Service initialized successfully.
2026-07-18 03:59:50,807 | INFO | Model=Segmentation | Status=SUCCESS | ExecutionTime=0.0639s
2026-07-18 03:59:50,810 | INFO | Model=Churn | Status=SUCCESS | ExecutionTime=0.0027s
2026-07-18 03:59:50,810 | INFO | Generating SHAP explanation for churn prediction.
2026-07-18 03:59:50,812 | INFO | Successfully generated churn SHAP explanation.
2026-07-18 03:59:50,817 | INFO | Model=CLV | Status=SUCCESS | ExecutionTime=0.0055s
2026-07-18 03:59:50,818 | INFO | Generating SHAP explanation for CLV prediction.
2026-07-18 03:59:50,824 | INFO | Successfully generated CLV SHAP explanation.
2026-07-18 03:59:50,846 | INFO | Model=Recommendation | Status=SUCCESS | ExecutionTime=0.0210s
2026-07-18 03:59:50,884 | INFO | Model=Anomaly Detection | Status=SUCCESS | ExecutionTime=0.0379s
2026-07-18 03:59:50,884 | INFO | Generating SHAP explanation for anomaly detection.
2026-07-18 03:59:50,890 | INFO | Successfully generated anomaly SHAP explanation.
2026-07-18 03:59:50,892 | INFO | Model=Topic Modeling | Status=SUCCESS | ExecutionTime=0.0017s
2026-07-18 04:15:30,630 | INFO | Initializing SHAP explainers...
2026-07-18 04:15:32,132 | INFO | SHAP explainers initialized successfully.
2026-07-18 04:15:32,132 | INFO | Customer360 Service initialized successfully.
2026-07-18 04:18:04,425 | ERROR | Model=Churn | Status=ERROR | Error=Missing required features: ['total_items_bought', 'avg_days_between_orders', 'orders_last_90d_ratio', 'cutoff_month', 'cutoff_quarter'] | ExecutionTime=0.0000s
2026-07-18 04:20:01,247 | INFO | Model=Churn | Status=SUCCESS | ExecutionTime=0.0297s
2026-07-18 04:20:01,247 | INFO | Generating SHAP explanation for churn prediction.
2026-07-18 04:20:01,252 | INFO | Successfully generated churn SHAP explanation.
2026-07-18 04:22:18,778 | INFO | Initializing SHAP explainers...
2026-07-18 04:22:19,386 | INFO | SHAP explainers initialized successfully.
2026-07-18 04:22:19,386 | INFO | Customer360 Service initialized successfully.
2026-07-18 13:05:31,414 | INFO | Initializing SHAP explainers...
2026-07-18 13:05:32,719 | INFO | SHAP explainers initialized successfully.
2026-07-18 13:05:32,719 | INFO | Customer360 Service initialized successfully.
2026-07-18 13:06:34,235 | INFO | Model=CLV | Status=SUCCESS | ExecutionTime=0.0550s
2026-07-18 13:06:34,235 | INFO | Generating SHAP explanation for CLV prediction.
2026-07-18 13:06:34,248 | INFO | Successfully generated CLV SHAP explanation.
2026-07-18 13:06:37,635 | INFO | Model=CLV | Status=SUCCESS | ExecutionTime=0.0083s
2026-07-18 13:06:37,635 | INFO | Generating SHAP explanation for CLV prediction.
2026-07-18 13:06:37,645 | INFO | Successfully generated CLV SHAP explanation.
2026-07-18 13:08:01,679 | INFO | Initializing SHAP explainers...
2026-07-18 13:08:02,970 | INFO | SHAP explainers initialized successfully.
2026-07-18 13:08:02,971 | INFO | Customer360 Service initialized successfully.
2026-07-18 13:08:44,195 | ERROR | Model=Segmentation | Status=ERROR | Error=Missing required features: ['recent_30d_spend_share', 'recent_90d_spend_share', 'recent_30d_order_share', 'recent_90d_order_share'] | ExecutionTime=0.0000s
2026-07-18 13:10:52,961 | INFO | Model=Segmentation | Status=SUCCESS | ExecutionTime=0.4414s
2026-07-18 13:12:11,524 | INFO | Initializing SHAP explainers...
2026-07-18 13:12:12,617 | INFO | SHAP explainers initialized successfully.
2026-07-18 13:12:12,617 | INFO | Customer360 Service initialized successfully.
2026-07-18 13:12:36,067 | ERROR | Model=Anomaly Detection | Status=ERROR | Error=Missing required features: ['spend_per_review', 'categories_per_order', 'reviews_per_order', 'payment_types_per_order', 'installments_per_order', 'spend_per_item'] | ExecutionTime=0.0000s
2026-07-18 13:13:51,452 | INFO | Model=Anomaly Detection | Status=SUCCESS | ExecutionTime=0.1267s
2026-07-18 13:13:51,452 | INFO | Generating SHAP explanation for anomaly detection.
2026-07-18 13:13:51,460 | INFO | Successfully generated anomaly SHAP explanation.
2026-07-18 13:14:43,407 | INFO | Initializing SHAP explainers...
2026-07-18 13:14:44,609 | INFO | SHAP explainers initialized successfully.
2026-07-18 13:14:44,609 | INFO | Customer360 Service initialized successfully.
2026-07-18 13:15:16,645 | INFO | Model=Recommendation | Status=SUCCESS | ExecutionTime=0.0401s
2026-07-18 13:16:04,322 | INFO | Initializing SHAP explainers...
2026-07-18 13:16:05,257 | INFO | SHAP explainers initialized successfully.
2026-07-18 13:16:05,257 | INFO | Customer360 Service initialized successfully.
2026-07-18 13:20:12,344 | INFO | Initializing SHAP explainers...
2026-07-18 13:20:13,176 | INFO | SHAP explainers initialized successfully.
2026-07-18 13:20:13,176 | INFO | Customer360 Service initialized successfully.
2026-07-18 13:20:17,922 | INFO | Model=Topic Modeling | Status=SUCCESS | ExecutionTime=0.0024s
2026-07-18 14:19:28,164 | INFO | Initializing SHAP explainers...
2026-07-18 14:19:29,725 | INFO | SHAP explainers initialized successfully.
2026-07-18 14:19:29,725 | INFO | Customer360 Service initialized successfully.
2026-07-18 14:21:26,999 | INFO | Initializing SHAP explainers...
2026-07-18 14:21:27,736 | INFO | SHAP explainers initialized successfully.
2026-07-18 14:21:27,736 | INFO | Customer360 Service initialized successfully.
2026-07-18 14:21:40,108 | INFO | Initializing SHAP explainers...
2026-07-18 14:21:40,660 | INFO | SHAP explainers initialized successfully.
2026-07-18 14:21:40,660 | INFO | Customer360 Service initialized successfully.
2026-07-18 14:21:44,425 | INFO | Initializing SHAP explainers...
2026-07-18 14:21:45,392 | INFO | SHAP explainers initialized successfully.
2026-07-18 14:21:45,392 | INFO | Customer360 Service initialized successfully.
2026-07-18 14:21:56,004 | INFO | Initializing SHAP explainers...
2026-07-18 14:21:56,948 | INFO | SHAP explainers initialized successfully.
2026-07-18 14:21:56,948 | INFO | Customer360 Service initialized successfully.
2026-07-18 14:22:32,883 | INFO | Initializing SHAP explainers...
2026-07-18 14:22:33,821 | INFO | SHAP explainers initialized successfully.
2026-07-18 14:22:33,822 | INFO | Customer360 Service initialized successfully.
2026-07-18 14:22:47,403 | INFO | Initializing SHAP explainers...
2026-07-18 14:22:47,957 | INFO | SHAP explainers initialized successfully.
2026-07-18 14:22:47,957 | INFO | Customer360 Service initialized successfully.
2026-07-18 14:22:54,760 | INFO | Initializing SHAP explainers...
2026-07-18 14:22:55,333 | INFO | SHAP explainers initialized successfully.
2026-07-18 14:22:55,333 | INFO | Customer360 Service initialized successfully.
2026-07-18 14:23:16,964 | INFO | Initializing SHAP explainers...
2026-07-18 14:23:17,544 | INFO | SHAP explainers initialized successfully.
2026-07-18 14:23:17,544 | INFO | Customer360 Service initialized successfully.
2026-07-18 14:25:12,287 | INFO | Initializing SHAP explainers...
2026-07-18 14:25:13,395 | INFO | SHAP explainers initialized successfully.
2026-07-18 14:25:13,395 | INFO | Customer360 Service initialized successfully.
2026-07-18 14:26:50,330 | INFO | Initializing SHAP explainers...
2026-07-18 14:26:50,930 | INFO | SHAP explainers initialized successfully.
2026-07-18 14:26:50,930 | INFO | Customer360 Service initialized successfully.
2026-07-18 14:27:11,789 | INFO | Initializing SHAP explainers...
2026-07-18 14:27:13,021 | INFO | SHAP explainers initialized successfully.
2026-07-18 14:27:13,021 | INFO | Customer360 Service initialized successfully.
2026-07-18 14:27:41,468 | INFO | Initializing SHAP explainers...
2026-07-18 14:27:41,993 | INFO | SHAP explainers initialized successfully.
2026-07-18 14:27:41,994 | INFO | Customer360 Service initialized successfully.
2026-07-18 14:27:52,774 | INFO | Initializing SHAP explainers...
2026-07-18 14:27:53,308 | INFO | SHAP explainers initialized successfully.
2026-07-18 14:27:53,308 | INFO | Customer360 Service initialized successfully.
2026-07-18 14:27:58,803 | INFO | Initializing SHAP explainers...
2026-07-18 14:27:59,360 | INFO | SHAP explainers initialized successfully.
2026-07-18 14:27:59,360 | INFO | Customer360 Service initialized successfully.
2026-07-18 14:28:06,778 | INFO | Initializing SHAP explainers...
2026-07-18 14:28:07,320 | INFO | SHAP explainers initialized successfully.
2026-07-18 14:28:07,320 | INFO | Customer360 Service initialized successfully.
2026-07-18 14:34:51,486 | INFO | Initializing SHAP explainers...
2026-07-18 14:34:52,495 | INFO | SHAP explainers initialized successfully.
2026-07-18 14:34:52,495 | INFO | Customer360 Service initialized successfully.
2026-07-18 17:35:07,864 | INFO | Initializing SHAP explainers...
2026-07-18 17:35:08,407 | INFO | SHAP explainers initialized successfully.
2026-07-18 17:35:08,407 | INFO | Customer360 Service initialized successfully.
2026-07-18 17:35:17,311 | INFO | Initializing SHAP explainers...
2026-07-18 17:35:18,235 | INFO | SHAP explainers initialized successfully.
2026-07-18 17:35:18,235 | INFO | Customer360 Service initialized successfully.
2026-07-18 17:35:46,088 | ERROR | Model=Churn | Status=ERROR | Error=Missing required features: ['frequency_orders', 'monetary_total_spend', 'avg_order_value', 'total_items_bought', 'recency_days', 'customer_tenure_days', 'orders_last_30d', 'spend_last_30d', 'orders_last_90d', 'spend_last_90d', 'avg_items_per_order', 'avg_days_between_orders', 'orders_per_tenure_day', 'spend_per_tenure_day', 'spend_last_30d_ratio', 'spend_last_90d_ratio', 'orders_last_90d_ratio', 'num_reviews', 'avg_review_score', 'min_review_score', 'negative_review_ratio', 'num_payment_types_used', 'avg_installments', 'credit_card_ratio', 'num_unique_categories', 'favorite_category_ratio', 'cutoff_month', 'cutoff_quarter'] | ExecutionTime=0.0000s
2026-07-18 17:37:13,867 | INFO | Initializing SHAP explainers...
2026-07-18 17:37:14,399 | INFO | SHAP explainers initialized successfully.
2026-07-18 17:37:14,399 | INFO | Customer360 Service initialized successfully.
2026-07-18 17:37:21,560 | INFO | Initializing SHAP explainers...
2026-07-18 17:37:22,112 | INFO | SHAP explainers initialized successfully.
2026-07-18 17:37:22,112 | INFO | Customer360 Service initialized successfully.
2026-07-18 17:37:38,982 | INFO | Initializing SHAP explainers...
2026-07-18 17:37:39,587 | INFO | SHAP explainers initialized successfully.
2026-07-18 17:37:39,587 | INFO | Customer360 Service initialized successfully.
2026-07-18 17:37:44,783 | INFO | Initializing SHAP explainers...
2026-07-18 17:37:45,335 | INFO | SHAP explainers initialized successfully.
2026-07-18 17:37:45,335 | INFO | Customer360 Service initialized successfully.
2026-07-18 17:37:52,735 | INFO | Initializing SHAP explainers...
2026-07-18 17:37:54,039 | INFO | SHAP explainers initialized successfully.
2026-07-18 17:37:54,039 | INFO | Customer360 Service initialized successfully.
2026-07-18 17:38:10,033 | INFO | Initializing SHAP explainers...
2026-07-18 17:38:10,588 | INFO | SHAP explainers initialized successfully.
2026-07-18 17:38:10,588 | INFO | Customer360 Service initialized successfully.
2026-07-18 17:38:21,920 | INFO | Initializing SHAP explainers...
2026-07-18 17:38:22,466 | INFO | SHAP explainers initialized successfully.
2026-07-18 17:38:22,467 | INFO | Customer360 Service initialized successfully.
2026-07-18 17:38:36,716 | INFO | Initializing SHAP explainers...
2026-07-18 17:38:38,083 | INFO | SHAP explainers initialized successfully.
2026-07-18 17:38:38,084 | INFO | Customer360 Service initialized successfully.
2026-07-18 17:38:44,343 | INFO | Initializing SHAP explainers...
2026-07-18 17:38:44,891 | INFO | SHAP explainers initialized successfully.
2026-07-18 17:38:44,892 | INFO | Customer360 Service initialized successfully.
2026-07-18 17:38:56,996 | INFO | Initializing SHAP explainers...
2026-07-18 17:38:57,965 | INFO | SHAP explainers initialized successfully.
2026-07-18 17:38:57,965 | INFO | Customer360 Service initialized successfully.
2026-07-18 17:45:01,328 | INFO | Initializing SHAP explainers...
2026-07-18 17:45:02,785 | INFO | SHAP explainers initialized successfully.
2026-07-18 17:45:02,785 | INFO | Customer360 Service initialized successfully.
2026-07-18 17:53:11,445 | INFO | Initializing SHAP explainers...
2026-07-18 17:53:13,035 | INFO | SHAP explainers initialized successfully.
2026-07-18 17:53:13,035 | INFO | Customer360 Service initialized successfully.
2026-07-21 13:11:47,549 | INFO | Initializing SHAP explainers...
2026-07-21 13:11:48,111 | INFO | SHAP explainers initialized successfully.
2026-07-21 13:11:48,111 | INFO | Customer360 Service initialized successfully.
2026-07-21 13:33:27,643 | INFO | customer360 | Initializing SHAP explainers...
2026-07-21 13:33:29,180 | INFO | customer360 | SHAP explainers initialized successfully.
2026-07-21 13:33:29,181 | INFO | customer360 | Customer360 Service initialized successfully.
2026-07-21 13:35:18,535 | INFO | customer360 | Initializing SHAP explainers...
2026-07-21 13:35:19,101 | INFO | customer360 | SHAP explainers initialized successfully.
2026-07-21 13:35:19,102 | INFO | customer360 | Customer360 Service initialized successfully.
2026-07-21 13:35:31,297 | INFO | customer360 | Initializing SHAP explainers...
2026-07-21 13:35:31,889 | INFO | customer360 | SHAP explainers initialized successfully.
2026-07-21 13:35:31,889 | INFO | customer360 | Customer360 Service initialized successfully.
2026-07-21 13:35:40,229 | INFO | customer360 | Initializing SHAP explainers...
2026-07-21 13:35:40,808 | INFO | customer360 | SHAP explainers initialized successfully.
2026-07-21 13:35:40,809 | INFO | customer360 | Customer360 Service initialized successfully.
2026-07-21 13:35:52,757 | INFO | customer360 | Initializing SHAP explainers...
2026-07-21 13:35:53,427 | INFO | customer360 | SHAP explainers initialized successfully.
2026-07-21 13:35:53,427 | INFO | customer360 | Customer360 Service initialized successfully.
2026-07-21 13:35:57,910 | INFO | customer360 | Initializing SHAP explainers...
2026-07-21 13:35:58,512 | INFO | customer360 | SHAP explainers initialized successfully.
2026-07-21 13:35:58,513 | INFO | customer360 | Customer360 Service initialized successfully.
2026-07-21 13:36:06,794 | INFO | customer360 | Initializing SHAP explainers...
2026-07-21 13:36:07,378 | INFO | customer360 | SHAP explainers initialized successfully.
2026-07-21 13:36:07,378 | INFO | customer360 | Customer360 Service initialized successfully.
2026-07-21 13:36:14,171 | INFO | customer360 | Initializing SHAP explainers...
2026-07-21 13:36:14,751 | INFO | customer360 | SHAP explainers initialized successfully.
2026-07-21 13:36:14,751 | INFO | customer360 | Customer360 Service initialized successfully.
2026-07-21 13:41:30,736 | INFO | customer360 | Initializing SHAP explainers...
2026-07-21 13:41:31,481 | INFO | customer360 | SHAP explainers initialized successfully.
2026-07-21 13:41:31,481 | INFO | customer360 | Customer360 Service initialized successfully.
2026-07-21 14:05:21,111 | INFO | customer360 | Initializing SHAP explainers...
2026-07-21 14:05:22,636 | INFO | customer360 | SHAP explainers initialized successfully.
2026-07-21 14:05:22,636 | INFO | customer360 | Customer360 Service initialized successfully.
2026-07-21 14:09:16,568 | INFO | customer360 | Initializing SHAP explainers...
2026-07-21 14:09:17,157 | INFO | customer360 | SHAP explainers initialized successfully.
2026-07-21 14:09:17,157 | INFO | customer360 | Customer360 Service initialized successfully.
2026-07-21 14:09:58,440 | INFO | customer360 | Initializing SHAP explainers...
2026-07-21 14:09:59,021 | INFO | customer360 | SHAP explainers initialized successfully.
2026-07-21 14:09:59,021 | INFO | customer360 | Customer360 Service initialized successfully.
2026-07-21 14:10:08,228 | INFO | customer360 | Initializing SHAP explainers...
2026-07-21 14:10:08,812 | INFO | customer360 | SHAP explainers initialized successfully.
2026-07-21 14:10:08,812 | INFO | customer360 | Customer360 Service initialized successfully.
2026-07-21 14:10:08,832 | INFO | customer360 | Customer360 API started successfully.
2026-07-21 14:10:18,081 | INFO | customer360 | Initializing SHAP explainers...
2026-07-21 14:10:18,676 | INFO | customer360 | SHAP explainers initialized successfully.
2026-07-21 14:10:18,676 | INFO | customer360 | Customer360 Service initialized successfully.
2026-07-21 14:10:22,644 | INFO | customer360 | Initializing SHAP explainers...
2026-07-21 14:10:23,233 | INFO | customer360 | SHAP explainers initialized successfully.
2026-07-21 14:10:23,233 | INFO | customer360 | Customer360 Service initialized successfully.
2026-07-21 14:10:23,254 | INFO | customer360 | Customer360 API started successfully.
2026-07-21 14:10:37,769 | INFO | customer360 | Initializing SHAP explainers...
2026-07-21 14:10:38,318 | INFO | customer360 | SHAP explainers initialized successfully.
2026-07-21 14:10:38,319 | INFO | customer360 | Customer360 Service initialized successfully.
2026-07-21 14:10:50,963 | INFO | customer360 | Initializing SHAP explainers...
2026-07-21 14:10:52,150 | INFO | customer360 | SHAP explainers initialized successfully.
2026-07-21 14:10:52,150 | INFO | customer360 | Customer360 Service initialized successfully.
2026-07-21 14:10:52,193 | INFO | customer360 | Customer360 API started successfully.
2026-07-21 14:19:36,966 | INFO | customer360 | 
Initializing Customer360 Service...

2026-07-21 14:19:37,176 | INFO | customer360 | Initializing SHAP explainers...
2026-07-21 14:19:37,783 | INFO | customer360 | SHAP explainers initialized successfully.
2026-07-21 14:19:37,783 | INFO | customer360 | Customer360 Service initialized successfully.
2026-07-21 14:19:37,804 | INFO | customer360 | Customer360 API started successfully.
2026-07-21 14:19:42,208 | INFO | customer360 | \Initializing Customer360 Service...
2026-07-21 14:19:42,425 | INFO | customer360 | Initializing SHAP explainers...
2026-07-21 14:19:43,460 | INFO | customer360 | SHAP explainers initialized successfully.
2026-07-21 14:19:43,461 | INFO | customer360 | Customer360 Service initialized successfully.
2026-07-21 14:19:43,488 | INFO | customer360 | Customer360 API started successfully.
2026-07-21 14:21:07,995 | INFO | customer360 | \Initializing Customer360 Service...
2026-07-21 14:21:08,217 | INFO | customer360 | Initializing SHAP explainers...
2026-07-21 14:21:08,784 | INFO | customer360 | SHAP explainers initialized successfully.
2026-07-21 14:21:08,785 | INFO | customer360 | Customer360 Service initialized successfully.
2026-07-21 14:21:08,806 | INFO | customer360 | Customer360 API started successfully.
2026-07-21 14:21:14,228 | INFO | customer360 | \Initializing Customer360 Service...
2026-07-21 14:21:14,443 | INFO | customer360 | Initializing SHAP explainers...
2026-07-21 14:21:15,012 | INFO | customer360 | SHAP explainers initialized successfully.
2026-07-21 14:21:15,012 | INFO | customer360 | Customer360 Service initialized successfully.
2026-07-21 14:21:15,037 | INFO | customer360 | Customer360 API started successfully.
2026-07-21 14:21:38,609 | INFO | customer360 | \Initializing Customer360 Service...
2026-07-21 14:21:38,816 | INFO | customer360 | Initializing SHAP explainers...
2026-07-21 14:21:39,368 | INFO | customer360 | SHAP explainers initialized successfully.
2026-07-21 14:21:39,369 | INFO | customer360 | Customer360 Service initialized successfully.
2026-07-21 14:21:39,390 | INFO | customer360 | Customer360 API started successfully.
2026-07-21 14:21:59,329 | INFO | customer360 | \Initializing Customer360 Service...
2026-07-21 14:21:59,535 | INFO | customer360 | Initializing SHAP explainers...
2026-07-21 14:22:00,088 | INFO | customer360 | SHAP explainers initialized successfully.
2026-07-21 14:22:00,088 | INFO | customer360 | Customer360 Service initialized successfully.
2026-07-21 14:22:00,110 | INFO | customer360 | Customer360 API started successfully.
2026-07-21 14:22:09,325 | INFO | customer360 | \Initializing Customer360 Service...
2026-07-21 14:22:09,533 | INFO | customer360 | Initializing SHAP explainers...
2026-07-21 14:22:10,084 | INFO | customer360 | SHAP explainers initialized successfully.
2026-07-21 14:22:10,084 | INFO | customer360 | Customer360 Service initialized successfully.
2026-07-21 14:22:10,104 | INFO | customer360 | Customer360 API started successfully.
2026-07-21 14:22:21,010 | INFO | customer360 | \Initializing Customer360 Service...
2026-07-21 14:22:21,217 | INFO | customer360 | Initializing SHAP explainers...
2026-07-21 14:22:21,764 | INFO | customer360 | SHAP explainers initialized successfully.
2026-07-21 14:22:21,764 | INFO | customer360 | Customer360 Service initialized successfully.
2026-07-21 14:22:21,784 | INFO | customer360 | Customer360 API started successfully.
2026-07-21 14:22:32,829 | INFO | customer360 | \Initializing Customer360 Service...
2026-07-21 14:22:33,046 | INFO | customer360 | Initializing SHAP explainers...
2026-07-21 14:22:33,614 | INFO | customer360 | SHAP explainers initialized successfully.
2026-07-21 14:22:33,614 | INFO | customer360 | Customer360 Service initialized successfully.
2026-07-21 14:22:33,636 | INFO | customer360 | Customer360 API started successfully.
2026-07-21 14:24:10,896 | INFO | customer360 | \Initializing Customer360 Service...
2026-07-21 14:24:11,112 | INFO | customer360 | Initializing SHAP explainers...
2026-07-21 14:24:11,665 | INFO | customer360 | SHAP explainers initialized successfully.
2026-07-21 14:24:11,665 | INFO | customer360 | Customer360 Service initialized successfully.
2026-07-21 14:24:11,685 | INFO | customer360 | Customer360 API started successfully.
2026-07-21 14:24:31,574 | INFO | customer360 | \Initializing Customer360 Service...
2026-07-21 14:24:31,805 | INFO | customer360 | Initializing SHAP explainers...
2026-07-21 14:24:32,356 | INFO | customer360 | SHAP explainers initialized successfully.
2026-07-21 14:24:32,356 | INFO | customer360 | Customer360 Service initialized successfully.
2026-07-21 14:24:32,378 | INFO | customer360 | Customer360 API started successfully.
2026-07-21 14:24:48,624 | INFO | customer360 | \Initializing Customer360 Service...
2026-07-21 14:24:48,826 | INFO | customer360 | Initializing SHAP explainers...
2026-07-21 14:24:49,377 | INFO | customer360 | SHAP explainers initialized successfully.
2026-07-21 14:24:49,378 | INFO | customer360 | Customer360 Service initialized successfully.
2026-07-21 14:24:49,398 | INFO | customer360 | Customer360 API started successfully.
2026-07-21 14:25:00,199 | INFO | customer360 | \Initializing Customer360 Service...
2026-07-21 14:25:00,423 | INFO | customer360 | Initializing SHAP explainers...
2026-07-21 14:25:00,999 | INFO | customer360 | SHAP explainers initialized successfully.
2026-07-21 14:25:00,999 | INFO | customer360 | Customer360 Service initialized successfully.
2026-07-21 14:25:01,022 | INFO | customer360 | Customer360 API started successfully.
2026-07-21 14:25:10,110 | INFO | customer360 | \Initializing Customer360 Service...
2026-07-21 14:25:10,310 | INFO | customer360 | Initializing SHAP explainers...
2026-07-21 14:25:10,849 | INFO | customer360 | SHAP explainers initialized successfully.
2026-07-21 14:25:10,849 | INFO | customer360 | Customer360 Service initialized successfully.
2026-07-21 14:25:10,869 | INFO | customer360 | Customer360 API started successfully.
2026-07-21 14:25:21,644 | INFO | customer360 | \Initializing Customer360 Service...
2026-07-21 14:25:21,864 | INFO | customer360 | Initializing SHAP explainers...
2026-07-21 14:25:22,524 | INFO | customer360 | SHAP explainers initialized successfully.
2026-07-21 14:25:22,525 | INFO | customer360 | Customer360 Service initialized successfully.
2026-07-21 14:25:22,557 | INFO | customer360 | Customer360 API started successfully.
2026-07-21 14:27:00,231 | INFO | customer360 | \Initializing Customer360 Service...
2026-07-21 14:27:19,993 | INFO | customer360 | \Initializing Customer360 Service...
2026-07-21 14:27:19,993 | INFO | customer360 | 
Loading trained models...

2026-07-21 14:27:20,221 | INFO | customer360 | Initializing SHAP explainers...
2026-07-21 14:27:20,923 | INFO | customer360 | SHAP explainers initialized successfully.
2026-07-21 14:27:20,923 | INFO | customer360 | Customer360 Service initialized successfully.
2026-07-21 14:27:20,948 | INFO | customer360 | Customer360 API started successfully.
2026-07-21 14:28:28,900 | INFO | customer360 | \Initializing Customer360 Service...
2026-07-21 14:28:28,901 | INFO | customer360 | \Loading trained models...
2026-07-21 14:28:29,112 | INFO | customer360 | Initializing SHAP explainers...
2026-07-21 14:28:29,855 | INFO | customer360 | SHAP explainers initialized successfully.
2026-07-21 14:28:29,856 | INFO | customer360 | Customer360 Service initialized successfully.
2026-07-21 14:28:29,910 | INFO | customer360 | Customer360 API started successfully.
2026-07-21 14:28:35,403 | INFO | customer360 | \Initializing Customer360 Service...
2026-07-21 14:28:35,405 | INFO | customer360 | Loading trained models...
2026-07-21 14:28:35,647 | INFO | customer360 | Initializing SHAP explainers...
2026-07-21 14:28:36,887 | INFO | customer360 | SHAP explainers initialized successfully.
2026-07-21 14:28:36,887 | INFO | customer360 | Customer360 Service initialized successfully.
2026-07-21 14:28:36,910 | INFO | customer360 | Customer360 API started successfully.
2026-07-21 14:28:46,093 | INFO | customer360 | \Initializing Customer360 Service...
2026-07-21 14:28:46,093 | INFO | customer360 | Loading trained models...
2026-07-21 14:28:46,328 | INFO | customer360 | Initializing SHAP explainers...
2026-07-21 14:28:47,028 | INFO | customer360 | SHAP explainers initialized successfully.
2026-07-21 14:28:47,028 | INFO | customer360 | Customer360 Service initialized successfully.
2026-07-21 14:28:47,049 | INFO | customer360 | Customer360 API started successfully.
2026-07-21 14:28:50,463 | INFO | customer360 | \Initializing Customer360 Service...
2026-07-21 14:28:50,464 | INFO | customer360 | Loading trained models...
2026-07-21 14:28:50,688 | INFO | customer360 | Initializing SHAP explainers...
2026-07-21 14:28:51,350 | INFO | customer360 | SHAP explainers initialized successfully.
2026-07-21 14:28:51,350 | INFO | customer360 | Customer360 Service initialized successfully.
2026-07-21 14:28:51,371 | INFO | customer360 | Customer360 API started successfully.
2026-07-21 14:29:00,405 | INFO | customer360 | \Initializing Customer360 Service...
2026-07-21 14:29:00,406 | INFO | customer360 | Loading trained models...
2026-07-21 14:29:00,651 | INFO | customer360 | Initializing SHAP explainers...
2026-07-21 14:29:01,194 | INFO | customer360 | SHAP explainers initialized successfully.
2026-07-21 14:29:01,195 | INFO | customer360 | Customer360 Service initialized successfully.
2026-07-21 14:29:01,217 | INFO | customer360 | Customer360 API started successfully.
2026-07-21 14:29:06,735 | INFO | customer360 | \Initializing Customer360 Service...
2026-07-21 14:29:06,736 | INFO | customer360 | Loading trained models...
2026-07-21 14:29:06,963 | INFO | customer360 | Initializing SHAP explainers...
2026-07-21 14:29:07,530 | INFO | customer360 | SHAP explainers initialized successfully.
2026-07-21 14:29:07,530 | INFO | customer360 | Customer360 Service initialized successfully.
2026-07-21 14:29:07,549 | INFO | customer360 | Customer360 API started successfully.
2026-07-21 14:29:11,011 | INFO | customer360 | \Initializing Customer360 Service...
2026-07-21 14:29:11,012 | INFO | customer360 | Loading trained models...
2026-07-21 14:29:11,243 | INFO | customer360 | Initializing SHAP explainers...
2026-07-21 14:29:12,230 | INFO | customer360 | SHAP explainers initialized successfully.
2026-07-21 14:29:12,231 | INFO | customer360 | Customer360 Service initialized successfully.
2026-07-21 14:29:12,277 | INFO | customer360 | Customer360 API started successfully.
2026-07-21 14:29:36,300 | INFO | customer360 | \Initializing Customer360 Service...
2026-07-21 14:29:36,301 | INFO | customer360 | Loading trained models...
2026-07-21 14:29:36,560 | INFO | customer360 | All trained models loaded successfully.
2026-07-21 14:29:36,560 | INFO | customer360 | Initializing SHAP explainers...
2026-07-21 14:29:37,678 | INFO | customer360 | SHAP explainers initialized successfully.
2026-07-21 14:29:37,679 | INFO | customer360 | Customer360 Service initialized successfully.
2026-07-21 14:29:37,724 | INFO | customer360 | Customer360 API started successfully.
2026-07-21 14:30:20,917 | INFO | customer360 | \Initializing Customer360 Service...
2026-07-21 14:30:20,917 | INFO | customer360 | Loading trained models...
2026-07-21 14:30:21,169 | INFO | customer360 | All trained models loaded successfully.
2026-07-21 14:30:21,169 | INFO | customer360 | Initializing SHAP explainers...
2026-07-21 14:30:21,736 | INFO | customer360 | SHAP explainers initialized successfully.
2026-07-21 14:30:21,736 | INFO | customer360 | Customer360 Service initialized successfully.
2026-07-21 14:30:21,756 | INFO | customer360 | Customer360 API started successfully.
2026-07-21 14:30:42,678 | INFO | customer360 | \Initializing Customer360 Service...
2026-07-21 14:30:42,678 | INFO | customer360 | Loading trained models...
2026-07-21 14:30:42,924 | INFO | customer360 | All trained models loaded successfully.
2026-07-21 14:30:42,924 | INFO | customer360 | Initializing SHAP explainers...
2026-07-21 14:30:43,513 | INFO | customer360 | SHAP explainers initialized successfully.
2026-07-21 14:30:43,513 | INFO | customer360 | Customer360 Service initialized successfully.
2026-07-21 14:30:43,534 | INFO | customer360 | Customer360 API started successfully.
2026-07-21 14:33:02,608 | INFO | customer360 | \Initializing Customer360 Service...
2026-07-21 14:33:02,610 | INFO | customer360 | Loading trained models...
2026-07-21 14:33:02,612 | INFO | customer360 |  Segmentation
2026-07-21 14:33:03,253 | INFO | customer360 | All trained models loaded successfully.
2026-07-21 14:33:03,253 | INFO | customer360 | Initializing SHAP explainers...
2026-07-21 14:33:04,587 | INFO | customer360 | SHAP explainers initialized successfully.
2026-07-21 14:33:04,587 | INFO | customer360 | Customer360 Service initialized successfully.
2026-07-21 14:33:04,609 | INFO | customer360 | Customer360 API started successfully.
2026-07-21 14:33:04,932 | INFO | customer360 | \Initializing Customer360 Service...
2026-07-21 14:33:04,933 | INFO | customer360 | Loading trained models...
2026-07-21 14:33:04,934 | INFO | customer360 |  Segmentation
2026-07-21 14:33:05,157 | INFO | customer360 | All trained models loaded successfully.
2026-07-21 14:33:05,157 | INFO | customer360 | Initializing SHAP explainers...
2026-07-21 14:33:05,736 | INFO | customer360 | SHAP explainers initialized successfully.
2026-07-21 14:33:05,736 | INFO | customer360 | Customer360 Service initialized successfully.
2026-07-21 14:33:05,757 | INFO | customer360 | Customer360 API started successfully.
2026-07-21 14:33:12,060 | INFO | customer360 | \Initializing Customer360 Service...
2026-07-21 14:33:12,060 | INFO | customer360 | Loading trained models...
2026-07-21 14:33:12,062 | INFO | customer360 |  Segmentation model loaded successfully.
2026-07-21 14:33:12,300 | INFO | customer360 | All trained models loaded successfully.
2026-07-21 14:33:12,300 | INFO | customer360 | Initializing SHAP explainers...
2026-07-21 14:33:12,693 | INFO | customer360 | \Initializing Customer360 Service...
2026-07-21 14:33:12,693 | INFO | customer360 | Loading trained models...
2026-07-21 14:33:12,695 | INFO | customer360 |  Segmentation model loaded successfully.
2026-07-21 14:33:12,930 | INFO | customer360 | All trained models loaded successfully.
2026-07-21 14:33:12,930 | INFO | customer360 | Initializing SHAP explainers...
2026-07-21 14:33:12,998 | INFO | customer360 | SHAP explainers initialized successfully.
2026-07-21 14:33:12,998 | INFO | customer360 | Customer360 Service initialized successfully.
2026-07-21 14:33:13,033 | INFO | customer360 | Customer360 API started successfully.
2026-07-21 14:33:13,611 | INFO | customer360 | SHAP explainers initialized successfully.
2026-07-21 14:33:13,611 | INFO | customer360 | Customer360 Service initialized successfully.
2026-07-21 14:33:13,631 | INFO | customer360 | Customer360 API started successfully.
2026-07-21 14:33:44,255 | INFO | customer360 | \Initializing Customer360 Service...
2026-07-21 14:33:44,255 | INFO | customer360 | Loading trained models...
2026-07-21 14:33:44,257 | INFO | customer360 |  Segmentation model loaded successfully.
2026-07-21 14:33:44,257 | INFO | customer360 | Churn
2026-07-21 14:33:44,477 | INFO | customer360 | All trained models loaded successfully.
2026-07-21 14:33:44,477 | INFO | customer360 | Initializing SHAP explainers...
2026-07-21 14:33:45,048 | INFO | customer360 | SHAP explainers initialized successfully.
2026-07-21 14:33:45,048 | INFO | customer360 | Customer360 Service initialized successfully.
2026-07-21 14:33:45,068 | INFO | customer360 | Customer360 API started successfully.
2026-07-21 14:33:45,392 | INFO | customer360 | \Initializing Customer360 Service...
2026-07-21 14:33:45,392 | INFO | customer360 | Loading trained models...
2026-07-21 14:33:45,393 | INFO | customer360 |  Segmentation model loaded successfully.
2026-07-21 14:33:45,394 | INFO | customer360 | Churn
2026-07-21 14:33:45,655 | INFO | customer360 | All trained models loaded successfully.
2026-07-21 14:33:45,655 | INFO | customer360 | Initializing SHAP explainers...
2026-07-21 14:33:46,320 | INFO | customer360 | SHAP explainers initialized successfully.
2026-07-21 14:33:46,321 | INFO | customer360 | Customer360 Service initialized successfully.
2026-07-21 14:33:46,349 | INFO | customer360 | Customer360 API started successfully.
2026-07-21 14:33:50,241 | INFO | customer360 | \Initializing Customer360 Service...
2026-07-21 14:33:50,241 | INFO | customer360 | Loading trained models...
2026-07-21 14:33:50,242 | INFO | customer360 |  Segmentation model loaded successfully.
2026-07-21 14:33:50,243 | INFO | customer360 | Churn
2026-07-21 14:33:50,494 | INFO | customer360 | All trained models loaded successfully.
2026-07-21 14:33:50,494 | INFO | customer360 | Initializing SHAP explainers...
2026-07-21 14:33:51,102 | INFO | customer360 | SHAP explainers initialized successfully.
2026-07-21 14:33:51,102 | INFO | customer360 | Customer360 Service initialized successfully.
2026-07-21 14:33:51,125 | INFO | customer360 | Customer360 API started successfully.
2026-07-21 14:33:51,155 | INFO | customer360 | \Initializing Customer360 Service...
2026-07-21 14:33:51,155 | INFO | customer360 | Loading trained models...
2026-07-21 14:33:51,157 | INFO | customer360 |  Segmentation model loaded successfully.
2026-07-21 14:33:51,158 | INFO | customer360 | Churn
2026-07-21 14:33:51,395 | INFO | customer360 | All trained models loaded successfully.
2026-07-21 14:33:51,395 | INFO | customer360 | Initializing SHAP explainers...
2026-07-21 14:33:52,069 | INFO | customer360 | SHAP explainers initialized successfully.
2026-07-21 14:33:52,069 | INFO | customer360 | Customer360 Service initialized successfully.
2026-07-21 14:33:52,089 | INFO | customer360 | Customer360 API started successfully.
2026-07-21 14:33:55,019 | INFO | customer360 | \Initializing Customer360 Service...
2026-07-21 14:33:55,019 | INFO | customer360 | Loading trained models...
2026-07-21 14:33:55,020 | INFO | customer360 |  Segmentation model loaded successfully.
2026-07-21 14:33:55,021 | INFO | customer360 |  Churn model loaded successfully.
2026-07-21 14:33:55,257 | INFO | customer360 | All trained models loaded successfully.
2026-07-21 14:33:55,257 | INFO | customer360 | Initializing SHAP explainers...
2026-07-21 14:33:55,907 | INFO | customer360 | SHAP explainers initialized successfully.
2026-07-21 14:33:55,908 | INFO | customer360 | Customer360 Service initialized successfully.
2026-07-21 14:33:55,930 | INFO | customer360 | Customer360 API started successfully.
2026-07-21 14:33:55,983 | INFO | customer360 | \Initializing Customer360 Service...
2026-07-21 14:33:55,983 | INFO | customer360 | Loading trained models...
2026-07-21 14:33:55,984 | INFO | customer360 |  Segmentation model loaded successfully.
2026-07-21 14:33:55,985 | INFO | customer360 |  Churn model loaded successfully.
2026-07-21 14:33:56,224 | INFO | customer360 | All trained models loaded successfully.
2026-07-21 14:33:56,225 | INFO | customer360 | Initializing SHAP explainers...
2026-07-21 14:33:56,895 | INFO | customer360 | SHAP explainers initialized successfully.
2026-07-21 14:33:56,895 | INFO | customer360 | Customer360 Service initialized successfully.
2026-07-21 14:33:56,915 | INFO | customer360 | Customer360 API started successfully.
2026-07-21 14:33:59,998 | INFO | customer360 | \Initializing Customer360 Service...
2026-07-21 14:33:59,998 | INFO | customer360 | Loading trained models...
2026-07-21 14:34:00,000 | INFO | customer360 |  Segmentation model loaded successfully.
2026-07-21 14:34:00,001 | INFO | customer360 |  Churn model loaded successfully.
2026-07-21 14:34:00,088 | INFO | customer360 |  CLV model loaded successfully.
2026-07-21 14:34:00,257 | INFO | customer360 | All trained models loaded successfully.
2026-07-21 14:34:00,257 | INFO | customer360 | Initializing SHAP explainers...
2026-07-21 14:34:00,906 | INFO | customer360 | \Initializing Customer360 Service...
2026-07-21 14:34:00,906 | INFO | customer360 | Loading trained models...
2026-07-21 14:34:00,907 | INFO | customer360 |  Segmentation model loaded successfully.
2026-07-21 14:34:00,908 | INFO | customer360 |  Churn model loaded successfully.
2026-07-21 14:34:00,919 | INFO | customer360 | SHAP explainers initialized successfully.
2026-07-21 14:34:00,919 | INFO | customer360 | Customer360 Service initialized successfully.
2026-07-21 14:34:00,940 | INFO | customer360 | Customer360 API started successfully.
2026-07-21 14:34:01,008 | INFO | customer360 |  CLV model loaded successfully.
2026-07-21 14:34:01,093 | INFO | customer360 |  Recommendation model loaded successfully.
2026-07-21 14:34:01,172 | INFO | customer360 | All trained models loaded successfully.
2026-07-21 14:34:01,172 | INFO | customer360 | Initializing SHAP explainers...
2026-07-21 14:34:01,791 | INFO | customer360 | SHAP explainers initialized successfully.
2026-07-21 14:34:01,791 | INFO | customer360 | Customer360 Service initialized successfully.
2026-07-21 14:34:01,811 | INFO | customer360 | Customer360 API started successfully.
2026-07-21 14:34:08,801 | INFO | customer360 | \Initializing Customer360 Service...
2026-07-21 14:34:08,802 | INFO | customer360 | Loading trained models...
2026-07-21 14:34:08,803 | INFO | customer360 |  Segmentation model loaded successfully.
2026-07-21 14:34:08,804 | INFO | customer360 |  Churn model loaded successfully.
2026-07-21 14:34:08,881 | INFO | customer360 |  CLV model loaded successfully.
2026-07-21 14:34:08,949 | INFO | customer360 |  Recommendation model loaded successfully.
2026-07-21 14:34:09,002 | INFO | customer360 |  Anomaly Detection model loaded successfully.
2026-07-21 14:34:09,021 | INFO | customer360 | All trained models loaded successfully.
2026-07-21 14:34:09,021 | INFO | customer360 | Initializing SHAP explainers...
2026-07-21 14:34:09,549 | INFO | customer360 | \Initializing Customer360 Service...
2026-07-21 14:34:09,550 | INFO | customer360 | Loading trained models...
2026-07-21 14:34:09,551 | INFO | customer360 |  Segmentation model loaded successfully.
2026-07-21 14:34:09,552 | INFO | customer360 |  Churn model loaded successfully.
2026-07-21 14:34:09,632 | INFO | customer360 |  CLV model loaded successfully.
2026-07-21 14:34:09,639 | INFO | customer360 | SHAP explainers initialized successfully.
2026-07-21 14:34:09,640 | INFO | customer360 | Customer360 Service initialized successfully.
2026-07-21 14:34:09,677 | INFO | customer360 | Customer360 API started successfully.
2026-07-21 14:34:09,713 | INFO | customer360 |  Recommendation model loaded successfully.
2026-07-21 14:34:09,770 | INFO | customer360 |  Anomaly Detection model loaded successfully.
2026-07-21 14:34:09,789 | INFO | customer360 | All trained models loaded successfully.
2026-07-21 14:34:09,789 | INFO | customer360 | Initializing SHAP explainers...
2026-07-21 14:34:10,438 | INFO | customer360 | SHAP explainers initialized successfully.
2026-07-21 14:34:10,438 | INFO | customer360 | Customer360 Service initialized successfully.
2026-07-21 14:34:10,458 | INFO | customer360 | Customer360 API started successfully.
2026-07-21 14:34:17,569 | INFO | customer360 | \Initializing Customer360 Service...
2026-07-21 14:34:17,569 | INFO | customer360 | Loading trained models...
2026-07-21 14:34:17,570 | INFO | customer360 |  Segmentation model loaded successfully.
2026-07-21 14:34:17,571 | INFO | customer360 |  Churn model loaded successfully.
2026-07-21 14:34:17,669 | INFO | customer360 |  CLV model loaded successfully.
2026-07-21 14:34:17,737 | INFO | customer360 |  Recommendation model loaded successfully.
2026-07-21 14:34:17,803 | INFO | customer360 |  Anomaly Detection model loaded successfully.
2026-07-21 14:34:17,816 | INFO | customer360 |  Topic Modeling model loaded successfully.
2026-07-21 14:34:17,816 | INFO | customer360 | All trained models loaded successfully.
2026-07-21 14:34:17,816 | INFO | customer360 | Initializing SHAP explainers...
2026-07-21 14:34:18,411 | INFO | customer360 | \Initializing Customer360 Service...
2026-07-21 14:34:18,411 | INFO | customer360 | Loading trained models...
2026-07-21 14:34:18,412 | INFO | customer360 |  Segmentation model loaded successfully.
2026-07-21 14:34:18,413 | INFO | customer360 |  Churn model loaded successfully.
2026-07-21 14:34:18,501 | INFO | customer360 |  CLV model loaded successfully.
2026-07-21 14:34:18,573 | INFO | customer360 |  Recommendation model loaded successfully.
2026-07-21 14:34:18,615 | INFO | customer360 | SHAP explainers initialized successfully.
2026-07-21 14:34:18,616 | INFO | customer360 | Customer360 Service initialized successfully.
2026-07-21 14:34:18,637 | INFO | customer360 |  Anomaly Detection model loaded successfully.
2026-07-21 14:34:18,640 | INFO | customer360 | Customer360 API started successfully.
2026-07-21 14:34:18,652 | INFO | customer360 |  Topic Modeling model loaded successfully.
2026-07-21 14:34:18,652 | INFO | customer360 | All trained models loaded successfully.
2026-07-21 14:34:18,652 | INFO | customer360 | Initializing SHAP explainers...
2026-07-21 14:34:19,235 | INFO | customer360 | SHAP explainers initialized successfully.
2026-07-21 14:34:19,235 | INFO | customer360 | Customer360 Service initialized successfully.
2026-07-21 14:34:19,257 | INFO | customer360 | Customer360 API started successfully.
2026-07-21 14:35:41,171 | INFO | customer360 | Initializing Customer360 Service...
2026-07-21 14:35:41,171 | INFO | customer360 | Loading trained models...
2026-07-21 14:35:41,173 | INFO | customer360 |  Segmentation model loaded successfully.
2026-07-21 14:35:41,173 | INFO | customer360 |  Churn model loaded successfully.
2026-07-21 14:35:41,255 | INFO | customer360 |  CLV model loaded successfully.
2026-07-21 14:35:41,321 | INFO | customer360 |  Recommendation model loaded successfully.
2026-07-21 14:35:41,380 | INFO | customer360 |  Anomaly Detection model loaded successfully.
2026-07-21 14:35:41,393 | INFO | customer360 |  Topic Modeling model loaded successfully.
2026-07-21 14:35:41,394 | INFO | customer360 | All trained models loaded successfully.
2026-07-21 14:35:41,394 | INFO | customer360 | Initializing SHAP explainers...
2026-07-21 14:35:41,912 | INFO | customer360 | Initializing Customer360 Service...
2026-07-21 14:35:41,912 | INFO | customer360 | Loading trained models...
2026-07-21 14:35:41,914 | INFO | customer360 |  Segmentation model loaded successfully.
2026-07-21 14:35:41,915 | INFO | customer360 |  Churn model loaded successfully.
2026-07-21 14:35:41,982 | INFO | customer360 | SHAP explainers initialized successfully.
2026-07-21 14:35:41,982 | INFO | customer360 | Customer360 Service initialized successfully.
2026-07-21 14:35:41,993 | INFO | customer360 |  CLV model loaded successfully.
2026-07-21 14:35:42,008 | INFO | customer360 | Customer360 API started successfully.
2026-07-21 14:35:42,067 | INFO | customer360 |  Recommendation model loaded successfully.
2026-07-21 14:35:42,133 | INFO | customer360 |  Anomaly Detection model loaded successfully.
2026-07-21 14:35:42,147 | INFO | customer360 |  Topic Modeling model loaded successfully.
2026-07-21 14:35:42,148 | INFO | customer360 | All trained models loaded successfully.
2026-07-21 14:35:42,148 | INFO | customer360 | Initializing SHAP explainers...
2026-07-21 14:35:42,849 | INFO | customer360 | SHAP explainers initialized successfully.
2026-07-21 14:35:42,849 | INFO | customer360 | Customer360 Service initialized successfully.
2026-07-21 14:35:42,871 | INFO | customer360 | Customer360 API started successfully.
